now output ir:
label,main
enterFunction,main
call,_t81,_global_init
move,5,la
newarr,la,_t65
move,_t65,a
move,0,cnt
move,0,i
label,Lab_0
less,i,la,_t68
jaeb,_t68,Lab_1
add,cnt,1,cnt
move,a,_t72
address,_t72,i,_t71
store,cnt,_t71
label,Lab_2
add,i,1,i
jmp,Lab_0
label,Lab_1
move,0,sum
move,0,i
label,Lab_3
less,i,la,_t75
jaeb,_t75,Lab_4
move,a,_t78
address,_t78,i,_t77
load,_t77,_t79
add,sum,_t79,_t80
move,_t80,sum
label,Lab_5
add,i,1,i
jmp,Lab_3
label,Lab_4
ret,sum,main
ret,0,main
exitFunction,main
jmp,QED
label,_global_init
enterFunction,_global_init
exitFunction
ret,_const83,
label,QED

now output ir:
label,main
enterFunction,main
call,_t81,_global_init
move,5,la
newarr,la,_t65
move,_t65,a
move,0,i
label,Lab_0
less,i,la,_t68
jaeb,_t68,Lab_1
label,Lab_2
add,i,1,i
jmp,Lab_0
label,Lab_1
move,0,sum
move,0,i
label,Lab_3
less,i,la,_t75
jaeb,_t75,Lab_4
move,a,_t78
address,_t78,i,_t77
load,_t77,_t79
add,sum,_t79,_t80
move,_t80,sum
label,Lab_5
add,i,1,i
jmp,Lab_3
label,Lab_4
ret,sum,main
ret,0,main
exitFunction,main
jmp,QED
label,_global_init
enterFunction,_global_init
exitFunction
ret,_const83,
label,QED
djrmlrfs
finished!